<?xml version="1.0" encoding="UTF-8"?>
<testsuite xmlns:xsi="http://www.w3.org/2001/XMLSchema-instance" xsi:noNamespaceSchemaLocation="https://maven.apache.org/surefire/maven-surefire-plugin/xsd/surefire-test-report-3.0.xsd" version="3.0" name="com.udacity.catpoint.security.service.SecurityServiceTest" time="0.398" tests="32" errors="0" skipped="0" failures="0">
  <properties>
[...]
</properties>
  <testcase name="sensorDeactivated_noAlarmState_noAlarmChange" classname="com.udacity.catpoint.security.service.SecurityServiceTest" time="0.138"/>
  <testcase name="sensorActivated_systemArmedAndStatusPending_alarmStatusSetToAlarm" classname="com.udacity.catpoint.security.service.SecurityServiceTest" time="0.008"/>
  <testcase name="sensorActivated_armedAndNoAlarm_alarmStatusSetToPending(ArmingStatus)[1]" classname="com.udacity.catpoint.security.service.SecurityServiceTest" time="0.039"/>
  <testcase name="sensorActivated_armedAndNoAlarm_alarmStatusSetToPending(ArmingStatus)[2]" classname="com.udacity.catpoint.security.service.SecurityServiceTest" time="0.005"/>
  <testcase name="imageAnalyzed_catDetectedAndSystemArmedHome_alarmStatusSetToAlarm" classname="com.udacity.catpoint.security.service.SecurityServiceTest" time="0.004"/>
  <testcase name="imageAnalyzed_noCatAndAllSensorsInactive_alarmStatusSetToNoAlarm" classname="com.udacity.catpoint.security.service.SecurityServiceTest" time="0.006"/>
  <testcase name="imageAnalyzed_noCatAndNoSensors_alarmStatusSetToNoAlarm" classname="com.udacity.catpoint.security.service.SecurityServiceTest" time="0.004"/>
  <testcase name="sensorDeactivatedWhileAlreadyInactive_anyAlarmStatus_noAlarmChange(AlarmStatus)[1]" classname="com.udacity.catpoint.security.service.SecurityServiceTest" time="0.004"/>
  <testcase name="sensorDeactivatedWhileAlreadyInactive_anyAlarmStatus_noAlarmChange(AlarmStatus)[2]" classname="com.udacity.catpoint.security.service.SecurityServiceTest" time="0.004"/>
  <testcase name="sensorDeactivatedWhileAlreadyInactive_anyAlarmStatus_noAlarmChange(AlarmStatus)[3]" classname="com.udacity.catpoint.security.service.SecurityServiceTest" time="0.004"/>
  <testcase name="sensorActivated_armedAndAlarmAlreadyActive_alarmStatusNotChanged" classname="com.udacity.catpoint.security.service.SecurityServiceTest" time="0.003"/>
  <testcase name="sensorActivatedWhileAlreadyActive_alarmPending_alarmStatusSetToAlarm" classname="com.udacity.catpoint.security.service.SecurityServiceTest" time="0.004"/>
  <testcase name="armingStatusSetToArmedHome_catPreviouslyDetectedWhileDisarmed_alarmStatusSetToAlarm" classname="com.udacity.catpoint.security.service.SecurityServiceTest" time="0.004"/>
  <testcase name="imageAnalyzed_catDetectedAndSystemArmedAway_alarmStatusNotSetToAlarm" classname="com.udacity.catpoint.security.service.SecurityServiceTest" time="0.005"/>
  <testcase name="armingStatusSetToArmedAway_catPreviouslyDetected_alarmStatusNotSetToAlarm" classname="com.udacity.catpoint.security.service.SecurityServiceTest" time="0.003"/>
  <testcase name="addAndRemoveSensor_noExceptionThrown" classname="com.udacity.catpoint.security.service.SecurityServiceTest" time="0.003"/>
  <testcase name="sensorDeactivated_whileActive_pendingAlarm_alarmStatusSetToNoAlarm" classname="com.udacity.catpoint.security.service.SecurityServiceTest" time="0.003"/>
  <testcase name="sensorActivated_systemDisarmed_noAlarmChange" classname="com.udacity.catpoint.security.service.SecurityServiceTest" time="0.003"/>
  <testcase name="sensorDeactivated_alarmActive_alarmStatusRemainsAlarm" classname="com.udacity.catpoint.security.service.SecurityServiceTest" time="0.003"/>
  <testcase name="addAndRemoveStatusListener_noExceptionThrown" classname="com.udacity.catpoint.security.service.SecurityServiceTest" time="0.002"/>
  <testcase name="sensorStateChanged_alarmActive_alarmStateNotAffected(boolean)[1]" classname="com.udacity.catpoint.security.service.SecurityServiceTest" time="0.013"/>
  <testcase name="sensorStateChanged_alarmActive_alarmStateNotAffected(boolean)[2]" classname="com.udacity.catpoint.security.service.SecurityServiceTest" time="0.003"/>
  <testcase name="setAlarmStatus_withFakeRepository_repositoryStateUpdatedCorrectly" classname="com.udacity.catpoint.security.service.SecurityServiceTest" time="0.003"/>
  <testcase name="sensorActivated_systemDisarmed_alarmStatusNotChanged" classname="com.udacity.catpoint.security.service.SecurityServiceTest" time="0.003"/>
  <testcase name="armingStatusSet_systemArmed_repositoryUpdatedForEachSensor(ArmingStatus)[1]" classname="com.udacity.catpoint.security.service.SecurityServiceTest" time="0.006"/>
  <testcase name="armingStatusSet_systemArmed_repositoryUpdatedForEachSensor(ArmingStatus)[2]" classname="com.udacity.catpoint.security.service.SecurityServiceTest" time="0.006"/>
  <testcase name="imageAnalyzed_noCatButSensorsActive_alarmStatusNotChanged" classname="com.udacity.catpoint.security.service.SecurityServiceTest" time="0.004"/>
  <testcase name="sensorInactive_alarmPendingButOtherSensorsStillActive_alarmStatusNotCleared" classname="com.udacity.catpoint.security.service.SecurityServiceTest" time="0.004"/>
  <testcase name="sensorInactive_alarmPendingAndAllSensorsInactive_alarmStatusSetToNoAlarm" classname="com.udacity.catpoint.security.service.SecurityServiceTest" time="0.003"/>
  <testcase name="armingStatusSet_systemDisarmed_alarmStatusSetToNoAlarm" classname="com.udacity.catpoint.security.service.SecurityServiceTest" time="0.003"/>
  <testcase name="armingStatusSet_systemArmed_allSensorsResetToInactive(ArmingStatus)[1]" classname="com.udacity.catpoint.security.service.SecurityServiceTest" time="0.006"/>
  <testcase name="armingStatusSet_systemArmed_allSensorsResetToInactive(ArmingStatus)[2]" classname="com.udacity.catpoint.security.service.SecurityServiceTest" time="0.003"/>
</testsuite>